build/app/intermediates/manifest_merge_blame_file/release/manifest-merger-blame-release-report.txt
1<?xml version="1.0" encoding="utf-8"?>
2<manifest xmlns:android="http://schemas.android.com/apk/res/android"
3    package="com.example.coffee_app"
4    android:versionCode="1001"
5    android:versionName="1.0.0" >
6
7    <uses-sdk
8        android:minSdkVersion="21"
9        android:targetSdkVersion="35" />
10    <!--
11         Required to query activities that can process text, see:
12         https://developer.android.com/training/package-visibility and
13         https://developer.android.com/reference/android/content/Intent#ACTION_PROCESS_TEXT.
14
15         In particular, this is used by the Flutter engine in io.flutter.plugin.text.ProcessTextPlugin.
16    -->
17    <queries>
17-->src\main\AndroidManifest.xml:39:5-44:15
18        <intent>
18-->src\main\AndroidManifest.xml:40:9-43:18
19            <action android:name="android.intent.action.PROCESS_TEXT" />
19-->src\main\AndroidManifest.xml:41:13-72
19-->src\main\AndroidManifest.xml:41:21-70
20
21            <data android:mimeType="text/plain" />
21-->src\main\AndroidManifest.xml:42:13-50
21-->src\main\AndroidManifest.xml:42:19-48
22        </intent>
23        <!-- Needs to be explicitly declared on Android R+ -->
24        <package android:name="com.google.android.apps.maps" />
24-->[com.google.android.gms:play-services-maps:18.2.0] AndroidManifest.xml:33:9-64
24-->[com.google.android.gms:play-services-maps:18.2.0] AndroidManifest.xml:33:18-61
25    </queries>
26
27    <uses-permission android:name="android.permission.INTERNET" />
27-->src\main\AndroidManifest.xml:45:5-67
27-->src\main\AndroidManifest.xml:45:22-64
28    <uses-permission android:name="android.permission.READ_MEDIA_IMAGES" />
28-->src\main\AndroidManifest.xml:46:5-76
28-->src\main\AndroidManifest.xml:46:22-73
29    <uses-permission android:name="android.permission.READ_EXTERNAL_STORAGE" />
29-->src\main\AndroidManifest.xml:47:5-80
29-->src\main\AndroidManifest.xml:47:22-77
30    <uses-permission android:name="android.permission.CAMERA" />
30-->src\main\AndroidManifest.xml:48:5-65
30-->src\main\AndroidManifest.xml:48:22-62
31    <!-- Include required permissions for Google Maps API to run. -->
32    <uses-permission android:name="android.permission.ACCESS_NETWORK_STATE" />
32-->[com.google.android.gms:play-services-maps:18.2.0] AndroidManifest.xml:23:5-79
32-->[com.google.android.gms:play-services-maps:18.2.0] AndroidManifest.xml:23:22-76
33
34    <uses-feature
34-->[com.google.android.gms:play-services-maps:18.2.0] AndroidManifest.xml:26:5-28:35
35        android:glEsVersion="0x00020000"
35-->[com.google.android.gms:play-services-maps:18.2.0] AndroidManifest.xml:27:9-41
36        android:required="true" />
36-->[com.google.android.gms:play-services-maps:18.2.0] AndroidManifest.xml:28:9-32
37
38    <permission
38-->[androidx.core:core:1.13.1] AndroidManifest.xml:22:5-24:47
39        android:name="com.example.coffee_app.DYNAMIC_RECEIVER_NOT_EXPORTED_PERMISSION"
39-->[androidx.core:core:1.13.1] AndroidManifest.xml:23:9-81
40        android:protectionLevel="signature" />
40-->[androidx.core:core:1.13.1] AndroidManifest.xml:24:9-44
41
42    <uses-permission android:name="com.example.coffee_app.DYNAMIC_RECEIVER_NOT_EXPORTED_PERMISSION" />
42-->[androidx.core:core:1.13.1] AndroidManifest.xml:26:5-97
42-->[androidx.core:core:1.13.1] AndroidManifest.xml:26:22-94
43
44    <application
45        android:name="android.app.Application"
45-->src\main\AndroidManifest.xml:4:9-42
46        android:appComponentFactory="androidx.core.app.CoreComponentFactory"
46-->[androidx.core:core:1.13.1] AndroidManifest.xml:28:18-86
47        android:extractNativeLibs="true"
48        android:icon="@mipmap/ic_launcher"
48-->src\main\AndroidManifest.xml:5:9-43
49        android:label="BT Coffee Info" >
49-->src\main\AndroidManifest.xml:3:9-39
50        <activity
50-->src\main\AndroidManifest.xml:6:9-27:20
51            android:name="com.example.coffee_app.MainActivity"
51-->src\main\AndroidManifest.xml:7:13-41
52            android:configChanges="orientation|keyboardHidden|keyboard|screenSize|smallestScreenSize|locale|layoutDirection|fontScale|screenLayout|density|uiMode"
52-->src\main\AndroidManifest.xml:12:13-163
53            android:exported="true"
53-->src\main\AndroidManifest.xml:8:13-36
54            android:hardwareAccelerated="true"
54-->src\main\AndroidManifest.xml:13:13-47
55            android:launchMode="singleTop"
55-->src\main\AndroidManifest.xml:9:13-43
56            android:taskAffinity=""
56-->src\main\AndroidManifest.xml:10:13-36
57            android:theme="@style/LaunchTheme"
57-->src\main\AndroidManifest.xml:11:13-47
58            android:windowSoftInputMode="adjustResize" >
58-->src\main\AndroidManifest.xml:14:13-55
59
60            <!--
61                 Specifies an Android theme to apply to this Activity as soon as
62                 the Android process has started. This theme is visible to the user
63                 while the Flutter UI initializes. After that, this theme continues
64                 to determine the Window background behind the Flutter UI.
65            -->
66            <meta-data
66-->src\main\AndroidManifest.xml:19:13-22:72
67                android:name="com.google.android.geo.API_KEY"
67-->src\main\AndroidManifest.xml:20:15-60
68                android:resource="@style/NormalTheme"
68-->src\main\AndroidManifest.xml:21:15-52
69                android:value="AIzaSyBgUx09Oy3je98DgORwFJnRR3iYx-x9Q38" />
69-->src\main\AndroidManifest.xml:22:15-70
70
71            <intent-filter>
71-->src\main\AndroidManifest.xml:23:13-26:29
72                <action android:name="android.intent.action.MAIN" />
72-->src\main\AndroidManifest.xml:24:17-68
72-->src\main\AndroidManifest.xml:24:25-66
73
74                <category android:name="android.intent.category.LAUNCHER" />
74-->src\main\AndroidManifest.xml:25:17-76
74-->src\main\AndroidManifest.xml:25:27-74
75            </intent-filter>
76        </activity>
77        <!--
78             Don't delete the meta-data below.
79             This is used by the Flutter tool to generate GeneratedPluginRegistrant.java
80        -->
81        <meta-data
81-->src\main\AndroidManifest.xml:30:9-32:33
82            android:name="flutterEmbedding"
82-->src\main\AndroidManifest.xml:31:13-44
83            android:value="2" />
83-->src\main\AndroidManifest.xml:32:13-30
84        <!--
85           Declares a provider which allows us to store files to share in
86           '.../caches/share_plus' and grant the receiving action access
87        -->
88        <provider
88-->[:share_plus] AndroidManifest.xml:13:9-21:20
89            android:name="dev.fluttercommunity.plus.share.ShareFileProvider"
89-->[:share_plus] AndroidManifest.xml:14:13-77
90            android:authorities="com.example.coffee_app.flutter.share_provider"
90-->[:share_plus] AndroidManifest.xml:15:13-74
91            android:exported="false"
91-->[:share_plus] AndroidManifest.xml:16:13-37
92            android:grantUriPermissions="true" >
92-->[:share_plus] AndroidManifest.xml:17:13-47
93            <meta-data
93-->[:share_plus] AndroidManifest.xml:18:13-20:68
94                android:name="android.support.FILE_PROVIDER_PATHS"
94-->[:share_plus] AndroidManifest.xml:19:17-67
95                android:resource="@xml/flutter_share_file_paths" />
95-->[:share_plus] AndroidManifest.xml:20:17-65
96        </provider>
97        <!--
98           This manifest declared broadcast receiver allows us to use an explicit
99           Intent when creating a PendingItent to be informed of the user's choice
100        -->
101        <receiver
101-->[:share_plus] AndroidManifest.xml:26:9-32:20
102            android:name="dev.fluttercommunity.plus.share.SharePlusPendingIntent"
102-->[:share_plus] AndroidManifest.xml:27:13-82
103            android:exported="false" >
103-->[:share_plus] AndroidManifest.xml:28:13-37
104            <intent-filter>
104-->[:share_plus] AndroidManifest.xml:29:13-31:29
105                <action android:name="EXTRA_CHOSEN_COMPONENT" />
105-->[:share_plus] AndroidManifest.xml:30:17-65
105-->[:share_plus] AndroidManifest.xml:30:25-62
106            </intent-filter>
107        </receiver>
108
109        <provider
109-->[:image_picker_android] AndroidManifest.xml:9:9-17:20
110            android:name="io.flutter.plugins.imagepicker.ImagePickerFileProvider"
110-->[:image_picker_android] AndroidManifest.xml:10:13-82
111            android:authorities="com.example.coffee_app.flutter.image_provider"
111-->[:image_picker_android] AndroidManifest.xml:11:13-74
112            android:exported="false"
112-->[:image_picker_android] AndroidManifest.xml:12:13-37
113            android:grantUriPermissions="true" >
113-->[:image_picker_android] AndroidManifest.xml:13:13-47
114            <meta-data
114-->[:share_plus] AndroidManifest.xml:18:13-20:68
115                android:name="android.support.FILE_PROVIDER_PATHS"
115-->[:share_plus] AndroidManifest.xml:19:17-67
116                android:resource="@xml/flutter_image_picker_file_paths" />
116-->[:share_plus] AndroidManifest.xml:20:17-65
117        </provider> <!-- Trigger Google Play services to install the backported photo picker module. -->
118        <service
118-->[:image_picker_android] AndroidManifest.xml:19:9-31:19
119            android:name="com.google.android.gms.metadata.ModuleDependencies"
119-->[:image_picker_android] AndroidManifest.xml:20:13-78
120            android:enabled="false"
120-->[:image_picker_android] AndroidManifest.xml:21:13-36
121            android:exported="false" >
121-->[:image_picker_android] AndroidManifest.xml:22:13-37
122            <intent-filter>
122-->[:image_picker_android] AndroidManifest.xml:24:13-26:29
123                <action android:name="com.google.android.gms.metadata.MODULE_DEPENDENCIES" />
123-->[:image_picker_android] AndroidManifest.xml:25:17-94
123-->[:image_picker_android] AndroidManifest.xml:25:25-91
124            </intent-filter>
125
126            <meta-data
126-->[:image_picker_android] AndroidManifest.xml:28:13-30:36
127                android:name="photopicker_activity:0:required"
127-->[:image_picker_android] AndroidManifest.xml:29:17-63
128                android:value="" />
128-->[:image_picker_android] AndroidManifest.xml:30:17-33
129        </service>
130
131        <activity
131-->[:url_launcher_android] AndroidManifest.xml:8:9-11:74
132            android:name="io.flutter.plugins.urllauncher.WebViewActivity"
132-->[:url_launcher_android] AndroidManifest.xml:9:13-74
133            android:exported="false"
133-->[:url_launcher_android] AndroidManifest.xml:10:13-37
134            android:theme="@android:style/Theme.NoTitleBar.Fullscreen" /> <!-- Needs to be explicitly declared on P+ -->
134-->[:url_launcher_android] AndroidManifest.xml:11:13-71
135        <uses-library
135-->[com.google.android.gms:play-services-maps:18.2.0] AndroidManifest.xml:39:9-41:40
136            android:name="org.apache.http.legacy"
136-->[com.google.android.gms:play-services-maps:18.2.0] AndroidManifest.xml:40:13-50
137            android:required="false" />
137-->[com.google.android.gms:play-services-maps:18.2.0] AndroidManifest.xml:41:13-37
138
139        <activity
139-->[com.google.android.gms:play-services-base:18.0.1] AndroidManifest.xml:20:9-22:45
140            android:name="com.google.android.gms.common.api.GoogleApiActivity"
140-->[com.google.android.gms:play-services-base:18.0.1] AndroidManifest.xml:20:19-85
141            android:exported="false"
141-->[com.google.android.gms:play-services-base:18.0.1] AndroidManifest.xml:22:19-43
142            android:theme="@android:style/Theme.Translucent.NoTitleBar" />
142-->[com.google.android.gms:play-services-base:18.0.1] AndroidManifest.xml:21:19-78
143
144        <meta-data
144-->[com.google.android.gms:play-services-basement:18.0.0] AndroidManifest.xml:21:9-23:69
145            android:name="com.google.android.gms.version"
145-->[com.google.android.gms:play-services-basement:18.0.0] AndroidManifest.xml:22:13-58
146            android:value="@integer/google_play_services_version" />
146-->[com.google.android.gms:play-services-basement:18.0.0] AndroidManifest.xml:23:13-66
147
148        <provider
148-->[androidx.lifecycle:lifecycle-process:2.7.0] AndroidManifest.xml:24:9-32:20
149            android:name="androidx.startup.InitializationProvider"
149-->[androidx.lifecycle:lifecycle-process:2.7.0] AndroidManifest.xml:25:13-67
150            android:authorities="com.example.coffee_app.androidx-startup"
150-->[androidx.lifecycle:lifecycle-process:2.7.0] AndroidManifest.xml:26:13-68
151            android:exported="false" >
151-->[androidx.lifecycle:lifecycle-process:2.7.0] AndroidManifest.xml:27:13-37
152            <meta-data
152-->[androidx.lifecycle:lifecycle-process:2.7.0] AndroidManifest.xml:29:13-31:52
153                android:name="androidx.lifecycle.ProcessLifecycleInitializer"
153-->[androidx.lifecycle:lifecycle-process:2.7.0] AndroidManifest.xml:30:17-78
154                android:value="androidx.startup" />
154-->[androidx.lifecycle:lifecycle-process:2.7.0] AndroidManifest.xml:31:17-49
155            <meta-data
155-->[androidx.profileinstaller:profileinstaller:1.3.1] AndroidManifest.xml:29:13-31:52
156                android:name="androidx.profileinstaller.ProfileInstallerInitializer"
156-->[androidx.profileinstaller:profileinstaller:1.3.1] AndroidManifest.xml:30:17-85
157                android:value="androidx.startup" />
157-->[androidx.profileinstaller:profileinstaller:1.3.1] AndroidManifest.xml:31:17-49
158        </provider>
159
160        <uses-library
160-->[androidx.window:window:1.2.0] AndroidManifest.xml:23:9-25:40
161            android:name="androidx.window.extensions"
161-->[androidx.window:window:1.2.0] AndroidManifest.xml:24:13-54
162            android:required="false" />
162-->[androidx.window:window:1.2.0] AndroidManifest.xml:25:13-37
163        <uses-library
163-->[androidx.window:window:1.2.0] AndroidManifest.xml:26:9-28:40
164            android:name="androidx.window.sidecar"
164-->[androidx.window:window:1.2.0] AndroidManifest.xml:27:13-51
165            android:required="false" />
165-->[androidx.window:window:1.2.0] AndroidManifest.xml:28:13-37
166
167        <receiver
167-->[androidx.profileinstaller:profileinstaller:1.3.1] AndroidManifest.xml:34:9-52:20
168            android:name="androidx.profileinstaller.ProfileInstallReceiver"
168-->[androidx.profileinstaller:profileinstaller:1.3.1] AndroidManifest.xml:35:13-76
169            android:directBootAware="false"
169-->[androidx.profileinstaller:profileinstaller:1.3.1] AndroidManifest.xml:36:13-44
170            android:enabled="true"
170-->[androidx.profileinstaller:profileinstaller:1.3.1] AndroidManifest.xml:37:13-35
171            android:exported="true"
171-->[androidx.profileinstaller:profileinstaller:1.3.1] AndroidManifest.xml:38:13-36
172            android:permission="android.permission.DUMP" >
172-->[androidx.profileinstaller:profileinstaller:1.3.1] AndroidManifest.xml:39:13-57
173            <intent-filter>
173-->[androidx.profileinstaller:profileinstaller:1.3.1] AndroidManifest.xml:40:13-42:29
174                <action android:name="androidx.profileinstaller.action.INSTALL_PROFILE" />
174-->[androidx.profileinstaller:profileinstaller:1.3.1] AndroidManifest.xml:41:17-91
174-->[androidx.profileinstaller:profileinstaller:1.3.1] AndroidManifest.xml:41:25-88
175            </intent-filter>
176            <intent-filter>
176-->[androidx.profileinstaller:profileinstaller:1.3.1] AndroidManifest.xml:43:13-45:29
177                <action android:name="androidx.profileinstaller.action.SKIP_FILE" />
177-->[androidx.profileinstaller:profileinstaller:1.3.1] AndroidManifest.xml:44:17-85
177-->[androidx.profileinstaller:profileinstaller:1.3.1] AndroidManifest.xml:44:25-82
178            </intent-filter>
179            <intent-filter>
179-->[androidx.profileinstaller:profileinstaller:1.3.1] AndroidManifest.xml:46:13-48:29
180                <action android:name="androidx.profileinstaller.action.SAVE_PROFILE" />
180-->[androidx.profileinstaller:profileinstaller:1.3.1] AndroidManifest.xml:47:17-88
180-->[androidx.profileinstaller:profileinstaller:1.3.1] AndroidManifest.xml:47:25-85
181            </intent-filter>
182            <intent-filter>
182-->[androidx.profileinstaller:profileinstaller:1.3.1] AndroidManifest.xml:49:13-51:29
183                <action android:name="androidx.profileinstaller.action.BENCHMARK_OPERATION" />
183-->[androidx.profileinstaller:profileinstaller:1.3.1] AndroidManifest.xml:50:17-95
183-->[androidx.profileinstaller:profileinstaller:1.3.1] AndroidManifest.xml:50:25-92
184            </intent-filter>
185        </receiver>
186    </application>
187
188</manifest>